[2020-12-17 06:21:22] [CarinaListener.java] [1] [INFO] 
============= Test configuration =============
env_arg_resolver=com.qaprosoft.carina.core.foundation.utils.DefaultEnvArgResolver
max_driver_count=3
headless=false
proxy_protocols=http,https,ftp
browsermob_proxy=false
browsermob_port=0
browsermob_disabled_mitm=false
proxy_set_to_system=false
track_known_issues=false
auto_screenshot=true
explicit_timeout=20
auto_download=false
retry_interval=10
project_report_directory=./reports/qa
max_screen_history=0
max_log_file_size=150
result_sorting=true
big_screen_width=-1
big_screen_height=-1
init_retry_count=0
init_retry_interval=1
retry_count=0
enable_l10n=true
l10n_encoding=ISO-8859-1
locale=en_US
thread_count=1
data_provider_thread_count=1
core_log_level=INFO
core_log_packages=com.qaprosoft.carina.core
artifacts_expiration_seconds=2592000
log_all_json=true
date_format=HH:mm:ss yyyy-MM-dd
time_format=HH:mm:ss
test_naming_pattern={method_name}
element_loading_strategy=BY_PRESENCE_OR_VISIBILITY
page_opening_strategy=BY_URL_AND_ELEMENT
forcibly_disable_driver_quit=false
s3_use_presign_url=false
s3_local_storage=.
appcenter_local_storage=.
add_new_localization=false
add_new_localization_encoding=utf-8
add_new_localization_property_name=new_custom_messages_
uninstall_related_apps=false
default_device_timezone=GMT
default_device_time_format=24
default_device_language=en_US
android_screen_record_bitrate=1000000
android_enable_bug_report=true
ios_screen_record_quality=MEDIUM
ios_screen_record_codec=libx264
ios_screen_record_fps=10
screen_record_duration=180
video_scale=-2:720
ignore_ssl=false
selenium_host=NULL

------------- Driver capabilities -----------
================================================

[2020-12-17 06:21:23] [CarinaListener.java] [1] [INFO] CARINA_CORE_VERSION: 6.5.46
[2020-12-17 06:21:23] [IMessager.java] [1] [INFO]  TEST [Default test - checkSearchProduct] STARTED at [18:21:23 2020-12-17]
[2020-12-17 06:21:23] [IDriverPool.java] [1] [ERROR] Driver initialization 'default' FAILED! Retry 1 of 1 time - Unable to create desktop driver
[2020-12-17 06:21:24] [IMessager.java] [1] [ERROR]  TEST [Default test - checkSearchProduct] FAILED at [18:21:23 2020-12-17] - Unable to create desktop driver

com.qaprosoft.carina.core.foundation.webdriver.core.factory.impl.DesktopFactory.create(DesktopFactory.java:130)
com.qaprosoft.carina.core.foundation.webdriver.core.factory.DriverFactory.create(DriverFactory.java:71)
com.qaprosoft.carina.core.foundation.webdriver.IDriverPool.createDriver(IDriverPool.java:511)
com.qaprosoft.carina.core.foundation.webdriver.IDriverPool.getDriver(IDriverPool.java:161)
com.qaprosoft.carina.core.foundation.webdriver.IDriverPool.getDriver(IDriverPool.java:96)
com.qaprosoft.carina.core.foundation.webdriver.IDriverPool.getDriver(IDriverPool.java:84)
com.solvd.testProyect.SearchTestCase.checkSearchProduct(SearchTestCase.java:19)
java.base/jdk.internal.reflect.NativeMethodAccessorImpl.invoke0(Native Method)
java.base/jdk.internal.reflect.NativeMethodAccessorImpl.invoke(NativeMethodAccessorImpl.java:62)
java.base/jdk.internal.reflect.DelegatingMethodAccessorImpl.invoke(DelegatingMethodAccessorImpl.java:43)
java.base/java.lang.reflect.Method.invoke(Method.java:566)
org.testng.internal.MethodInvocationHelper.invokeMethod(MethodInvocationHelper.java:132)
org.testng.internal.TestInvoker.invokeMethod(TestInvoker.java:599)
org.testng.internal.TestInvoker.invokeTestMethod(TestInvoker.java:174)
org.testng.internal.MethodRunner.runInSequence(MethodRunner.java:46)
org.testng.internal.TestInvoker$MethodInvocationAgent.invoke(TestInvoker.java:822)
org.testng.internal.TestInvoker.invokeTestMethods(TestInvoker.java:147)
org.testng.internal.TestMethodWorker.invokeTestMethods(TestMethodWorker.java:146)
org.testng.internal.TestMethodWorker.run(TestMethodWorker.java:128)
java.base/java.util.ArrayList.forEach(ArrayList.java:1541)
org.testng.TestRunner.privateRun(TestRunner.java:764)
org.testng.TestRunner.run(TestRunner.java:585)
org.testng.SuiteRunner.runTest(SuiteRunner.java:384)
org.testng.SuiteRunner.runSequentially(SuiteRunner.java:378)
org.testng.SuiteRunner.privateRun(SuiteRunner.java:337)
org.testng.SuiteRunner.run(SuiteRunner.java:286)
org.testng.SuiteRunnerWorker.runSuite(SuiteRunnerWorker.java:53)
org.testng.SuiteRunnerWorker.run(SuiteRunnerWorker.java:96)
org.testng.TestNG.runSuitesSequentially(TestNG.java:1218)
org.testng.TestNG.runSuitesLocally(TestNG.java:1140)
org.testng.TestNG.runSuites(TestNG.java:1069)
org.testng.TestNG.run(TestNG.java:1037)
org.testng.remote.AbstractRemoteTestNG.run(AbstractRemoteTestNG.java:115)
org.testng.remote.RemoteTestNG.initAndRun(RemoteTestNG.java:251)
org.testng.remote.RemoteTestNG.main(RemoteTestNG.java:77)
