<?xml version="1.0" encoding="UTF-8"?>
<testng-results ignored="0" total="1" passed="0" failed="1" skipped="0">
  <reporter-output>
    <line>
      <![CDATA[ TEST [Default test - checkSearchProduct] FAILED at [18:21:23 2020-12-17] - Unable to create desktop driver

com.qaprosoft.carina.core.foundation.webdriver.core.factory.impl.DesktopFactory.create(DesktopFactory.java:130)
com.qaprosoft.carina.core.foundation.webdriver.core.factory.DriverFactory.create(DriverFactory.java:71)
com.qaprosoft.carina.core.foundation.webdriver.IDriverPool.createDriver(IDriverPool.java:511)
com.qaprosoft.carina.core.foundation.webdriver.IDriverPool.getDriver(IDriverPool.java:161)
com.qaprosoft.carina.core.foundation.webdriver.IDriverPool.getDriver(IDriverPool.java:96)
com.qaprosoft.carina.core.foundation.webdriver.IDriverPool.getDriver(IDriverPool.java:84)
com.solvd.testProyect.SearchTestCase.checkSearchProduct(SearchTestCase.java:19)
java.base/jdk.internal.reflect.NativeMethodAccessorImpl.invoke0(Native Method)
java.base/jdk.internal.reflect.NativeMethodAccessorImpl.invoke(NativeMethodAccessorImpl.java:62)
java.base/jdk.internal.reflect.DelegatingMethodAccessorImpl.invoke(DelegatingMethodAccessorImpl.java:43)
java.base/java.lang.reflect.Method.invoke(Method.java:566)
org.testng.internal.MethodInvocationHelper.invokeMethod(MethodInvocationHelper.java:132)
org.testng.internal.TestInvoker.invokeMethod(TestInvoker.java:599)
org.testng.internal.TestInvoker.invokeTestMethod(TestInvoker.java:174)
org.testng.internal.MethodRunner.runInSequence(MethodRunner.java:46)
org.testng.internal.TestInvoker$MethodInvocationAgent.invoke(TestInvoker.java:822)
org.testng.internal.TestInvoker.invokeTestMethods(TestInvoker.java:147)
org.testng.internal.TestMethodWorker.invokeTestMethods(TestMethodWorker.java:146)
org.testng.internal.TestMethodWorker.run(TestMethodWorker.java:128)
java.base/java.util.ArrayList.forEach(ArrayList.java:1541)
org.testng.TestRunner.privateRun(TestRunner.java:764)
org.testng.TestRunner.run(TestRunner.java:585)
org.testng.SuiteRunner.runTest(SuiteRunner.java:384)
org.testng.SuiteRunner.runSequentially(SuiteRunner.java:378)
org.testng.SuiteRunner.privateRun(SuiteRunner.java:337)
org.testng.SuiteRunner.run(SuiteRunner.java:286)
org.testng.SuiteRunnerWorker.runSuite(SuiteRunnerWorker.java:53)
org.testng.SuiteRunnerWorker.run(SuiteRunnerWorker.java:96)
org.testng.TestNG.runSuitesSequentially(TestNG.java:1218)
org.testng.TestNG.runSuitesLocally(TestNG.java:1140)
org.testng.TestNG.runSuites(TestNG.java:1069)
org.testng.TestNG.run(TestNG.java:1037)
org.testng.remote.AbstractRemoteTestNG.run(AbstractRemoteTestNG.java:115)
org.testng.remote.RemoteTestNG.initAndRun(RemoteTestNG.java:251)
org.testng.remote.RemoteTestNG.main(RemoteTestNG.java:77)]]>
    </line>
  </reporter-output>
  <suite started-at="2020-12-17T18:21:23 ART" name="Default suite" finished-at="2020-12-17T18:21:24 ART" duration-ms="241">
    <groups>
    </groups>
    <test started-at="2020-12-17T18:21:23 ART" name="Default test" finished-at="2020-12-17T18:21:24 ART" duration-ms="241">
      <class name="com.solvd.testProyect.SearchTestCase">
        <test-method signature="checkSearchProduct()[pri:0, instance:com.solvd.testProyect.SearchTestCase@16e7b402]" started-at="2020-12-17T18:21:23 ART" name="checkSearchProduct" finished-at="2020-12-17T18:21:23 ART" duration-ms="118" status="FAIL">
          <exception class="java.lang.RuntimeException">
            <message>
              <![CDATA[Unable to create desktop driver]]>
            </message>
            <full-stacktrace>
              <![CDATA[java.lang.RuntimeException: Unable to create desktop driver
at com.qaprosoft.carina.core.foundation.webdriver.core.factory.impl.DesktopFactory.create(DesktopFactory.java:130)
at com.qaprosoft.carina.core.foundation.webdriver.core.factory.DriverFactory.create(DriverFactory.java:71)
at com.qaprosoft.carina.core.foundation.webdriver.IDriverPool.createDriver(IDriverPool.java:511)
at com.qaprosoft.carina.core.foundation.webdriver.IDriverPool.getDriver(IDriverPool.java:161)
at com.qaprosoft.carina.core.foundation.webdriver.IDriverPool.getDriver(IDriverPool.java:96)
at com.qaprosoft.carina.core.foundation.webdriver.IDriverPool.getDriver(IDriverPool.java:84)
at com.solvd.testProyect.SearchTestCase.checkSearchProduct(SearchTestCase.java:19)
at java.base/jdk.internal.reflect.NativeMethodAccessorImpl.invoke0(Native Method)
at java.base/jdk.internal.reflect.NativeMethodAccessorImpl.invoke(NativeMethodAccessorImpl.java:62)
at java.base/jdk.internal.reflect.DelegatingMethodAccessorImpl.invoke(DelegatingMethodAccessorImpl.java:43)
at java.base/java.lang.reflect.Method.invoke(Method.java:566)
at org.testng.internal.MethodInvocationHelper.invokeMethod(MethodInvocationHelper.java:132)
at org.testng.internal.TestInvoker.invokeMethod(TestInvoker.java:599)
at org.testng.internal.TestInvoker.invokeTestMethod(TestInvoker.java:174)
at org.testng.internal.MethodRunner.runInSequence(MethodRunner.java:46)
at org.testng.internal.TestInvoker$MethodInvocationAgent.invoke(TestInvoker.java:822)
at org.testng.internal.TestInvoker.invokeTestMethods(TestInvoker.java:147)
at org.testng.internal.TestMethodWorker.invokeTestMethods(TestMethodWorker.java:146)
at org.testng.internal.TestMethodWorker.run(TestMethodWorker.java:128)
at java.base/java.util.ArrayList.forEach(ArrayList.java:1541)
at org.testng.TestRunner.privateRun(TestRunner.java:764)
at org.testng.TestRunner.run(TestRunner.java:585)
at org.testng.SuiteRunner.runTest(SuiteRunner.java:384)
at org.testng.SuiteRunner.runSequentially(SuiteRunner.java:378)
at org.testng.SuiteRunner.privateRun(SuiteRunner.java:337)
at org.testng.SuiteRunner.run(SuiteRunner.java:286)
at org.testng.SuiteRunnerWorker.runSuite(SuiteRunnerWorker.java:53)
at org.testng.SuiteRunnerWorker.run(SuiteRunnerWorker.java:96)
at org.testng.TestNG.runSuitesSequentially(TestNG.java:1218)
at org.testng.TestNG.runSuitesLocally(TestNG.java:1140)
at org.testng.TestNG.runSuites(TestNG.java:1069)
at org.testng.TestNG.run(TestNG.java:1037)
at org.testng.remote.AbstractRemoteTestNG.run(AbstractRemoteTestNG.java:115)
at org.testng.remote.RemoteTestNG.initAndRun(RemoteTestNG.java:251)
at org.testng.remote.RemoteTestNG.main(RemoteTestNG.java:77)
Caused by: java.net.MalformedURLException: no protocol: 
at java.base/java.net.URL.<init>(URL.java:645)
at java.base/java.net.URL.<init>(URL.java:541)
at java.base/java.net.URL.<init>(URL.java:488)
at com.qaprosoft.carina.core.foundation.webdriver.core.factory.impl.DesktopFactory.create(DesktopFactory.java:73)
... 34 more
]]>
            </full-stacktrace>
          </exception> <!-- java.lang.RuntimeException -->
          <reporter-output>
            <line>
              <![CDATA[ TEST [Default test - checkSearchProduct] FAILED at [18:21:23 2020-12-17] - Unable to create desktop driver

com.qaprosoft.carina.core.foundation.webdriver.core.factory.impl.DesktopFactory.create(DesktopFactory.java:130)
com.qaprosoft.carina.core.foundation.webdriver.core.factory.DriverFactory.create(DriverFactory.java:71)
com.qaprosoft.carina.core.foundation.webdriver.IDriverPool.createDriver(IDriverPool.java:511)
com.qaprosoft.carina.core.foundation.webdriver.IDriverPool.getDriver(IDriverPool.java:161)
com.qaprosoft.carina.core.foundation.webdriver.IDriverPool.getDriver(IDriverPool.java:96)
com.qaprosoft.carina.core.foundation.webdriver.IDriverPool.getDriver(IDriverPool.java:84)
com.solvd.testProyect.SearchTestCase.checkSearchProduct(SearchTestCase.java:19)
java.base/jdk.internal.reflect.NativeMethodAccessorImpl.invoke0(Native Method)
java.base/jdk.internal.reflect.NativeMethodAccessorImpl.invoke(NativeMethodAccessorImpl.java:62)
java.base/jdk.internal.reflect.DelegatingMethodAccessorImpl.invoke(DelegatingMethodAccessorImpl.java:43)
java.base/java.lang.reflect.Method.invoke(Method.java:566)
org.testng.internal.MethodInvocationHelper.invokeMethod(MethodInvocationHelper.java:132)
org.testng.internal.TestInvoker.invokeMethod(TestInvoker.java:599)
org.testng.internal.TestInvoker.invokeTestMethod(TestInvoker.java:174)
org.testng.internal.MethodRunner.runInSequence(MethodRunner.java:46)
org.testng.internal.TestInvoker$MethodInvocationAgent.invoke(TestInvoker.java:822)
org.testng.internal.TestInvoker.invokeTestMethods(TestInvoker.java:147)
org.testng.internal.TestMethodWorker.invokeTestMethods(TestMethodWorker.java:146)
org.testng.internal.TestMethodWorker.run(TestMethodWorker.java:128)
java.base/java.util.ArrayList.forEach(ArrayList.java:1541)
org.testng.TestRunner.privateRun(TestRunner.java:764)
org.testng.TestRunner.run(TestRunner.java:585)
org.testng.SuiteRunner.runTest(SuiteRunner.java:384)
org.testng.SuiteRunner.runSequentially(SuiteRunner.java:378)
org.testng.SuiteRunner.privateRun(SuiteRunner.java:337)
org.testng.SuiteRunner.run(SuiteRunner.java:286)
org.testng.SuiteRunnerWorker.runSuite(SuiteRunnerWorker.java:53)
org.testng.SuiteRunnerWorker.run(SuiteRunnerWorker.java:96)
org.testng.TestNG.runSuitesSequentially(TestNG.java:1218)
org.testng.TestNG.runSuitesLocally(TestNG.java:1140)
org.testng.TestNG.runSuites(TestNG.java:1069)
org.testng.TestNG.run(TestNG.java:1037)
org.testng.remote.AbstractRemoteTestNG.run(AbstractRemoteTestNG.java:115)
org.testng.remote.RemoteTestNG.initAndRun(RemoteTestNG.java:251)
org.testng.remote.RemoteTestNG.main(RemoteTestNG.java:77)]]>
            </line>
          </reporter-output>
        </test-method> <!-- checkSearchProduct -->
      </class> <!-- com.solvd.testProyect.SearchTestCase -->
    </test> <!-- Default test -->
  </suite> <!-- Default suite -->
</testng-results>
